<?xml version="1.0" encoding="UTF-8"?>
<!-- Generated by org.testng.reporters.JUnitXMLReporter -->
<testsuite ignored="0" hostname="TCandAXE-PC" failures="1" tests="1" name="Test01" time="35.141" errors="0" timestamp="2022-07-07T12:50:31 EDT">
  <testcase classname="com.sn.Testcases.NewHomePageTest" name="ClickOnRequestSomething" time="8.045">
    <failure type="junit.framework.AssertionFailedError" message="expected:&amp;lt;false&amp;gt; but was:&amp;lt;true&amp;gt;">
      <![CDATA[junit.framework.AssertionFailedError: expected:<false> but was:<true>
at junit.framework.Assert.fail(Assert.java:47)
at junit.framework.Assert.failNotEquals(Assert.java:282)
at junit.framework.Assert.assertEquals(Assert.java:64)
at junit.framework.Assert.assertEquals(Assert.java:149)
at junit.framework.Assert.assertEquals(Assert.java:155)
at com.sn.Pages.NewHomePage.ClickOnRequestSomething(NewHomePage.java:118)
at com.sn.Testcases.NewHomePageTest.ClickOnRequestSomething(NewHomePageTest.java:53)
at java.base/java.util.ArrayList.forEach(ArrayList.java:1511)
... Removed 25 stack frames]]>
    </failure>
  </testcase> <!-- ClickOnRequestSomething -->
</testsuite> <!-- Test01 -->
